<?xml version="1.0" encoding="UTF-8"?>
<!-- Generated by org.testng.reporters.JUnitXMLReporter -->
<testsuite ignored="0" hostname="LAPTOP-9UTP5DV4" failures="0" tests="3" name="Test" time="27.26" errors="0" timestamp="21 May 2021 09:25:44 GMT">
  <testcase classname="StepDefinition.BrowserOpenTest" name="navigation" time="2.784"/>
  <testcase classname="StepDefinition.OfferTest" name="navigation" time="2.92"/>
  <testcase classname="StepDefinition.PackageTest" name="navigation" time="2.639"/>
</testsuite> <!-- Test -->
